La génération a démarré 12/05/2017 15:13:09.
     1>Projet "c:\Users\li\documents\visual studio 2010\Projects\icp0\icp0\icp0.vcxproj" sur le nœud 2 (build cible(s)).
     1>PrepareForBuild:
         Création du répertoire "c:\users\li\documents\visual studio 2010\Projects\icp0\Debug\".
       InitializeBuildStatus:
         Création de "Debug\icp0.unsuccessfulbuild", car "AlwaysCreate" a été spécifié.
       ClCompile:
         C:\Program Files (x86)\Microsoft Visual Studio 10.0\VC\bin\CL.exe /c /ZI /nologo /W3 /WX- /Od /Oy- /D WIN32 /D _DEBUG /D _CONSOLE /D _UNICODE /D UNICODE /Gm /EHsc /RTC1 /MDd /GS /fp:precise /Zc:wchar_t /Zc:forScope /Yc"StdAfx.h" /Fp"Debug\icp0.pch" /Fo"Debug\\" /Fd"Debug\vc100.pdb" /Gd /TP /analyze- /errorReport:prompt stdafx.cpp
         stdafx.cpp
         C:\Program Files (x86)\Microsoft Visual Studio 10.0\VC\bin\CL.exe /c /ZI /nologo /W3 /WX- /Od /Oy- /D WIN32 /D _DEBUG /D _CONSOLE /D _UNICODE /D UNICODE /Gm /EHsc /RTC1 /MDd /GS /fp:precise /Zc:wchar_t /Zc:forScope /Yu"StdAfx.h" /Fp"Debug\icp0.pch" /Fo"Debug\\" /Fd"Debug\vc100.pdb" /Gd /TP /analyze- /errorReport:prompt icp0.cpp
         icp0.cpp
     1>c:\users\li\documents\visual studio 2010\projects\icp0\icp0\icp0.cpp(13): warning C4091: 'typedef ' : ignoré à gauche de 'Point3D' quand aucune variable n'est déclarée
     1>c:\users\li\documents\visual studio 2010\projects\icp0\icp0\icp0.cpp(18): warning C4091: 'typedef ' : ignoré à gauche de 'Rotation' quand aucune variable n'est déclarée
       ManifestResourceCompile:
         C:\Program Files (x86)\Microsoft SDKs\Windows\v7.0A\bin\rc.exe /nologo /fo"Debug\icp0.exe.embed.manifest.res" Debug\icp0_manifest.rc 
       Link:
         C:\Program Files (x86)\Microsoft Visual Studio 10.0\VC\bin\link.exe /ERRORREPORT:PROMPT /OUT:"c:\users\li\documents\visual studio 2010\Projects\icp0\Debug\icp0.exe" /INCREMENTAL /NOLOGO kernel32.lib user32.lib gdi32.lib winspool.lib comdlg32.lib advapi32.lib shell32.lib ole32.lib oleaut32.lib uuid.lib odbc32.lib odbccp32.lib /MANIFEST /ManifestFile:"Debug\icp0.exe.intermediate.manifest" /MANIFESTUAC:"level='asInvoker' uiAccess='false'" /DEBUG /PDB:"c:\users\li\documents\visual studio 2010\Projects\icp0\Debug\icp0.pdb" /SUBSYSTEM:CONSOLE /TLBID:1 /DYNAMICBASE /NXCOMPAT /IMPLIB:"c:\users\li\documents\visual studio 2010\Projects\icp0\Debug\icp0.lib" /MACHINE:X86 Debug\icp0.exe.embed.manifest.res
         Debug\icp0.obj
         Debug\stdafx.obj
       Manifest:
         C:\Program Files (x86)\Microsoft SDKs\Windows\v7.0A\bin\mt.exe /nologo /verbose /out:"Debug\icp0.exe.embed.manifest" /manifest Debug\icp0.exe.intermediate.manifest
         C:\Program Files (x86)\Microsoft SDKs\Windows\v7.0A\bin\rc.exe /nologo /fo"Debug\icp0.exe.embed.manifest.res" Debug\icp0_manifest.rc 
       LinkEmbedManifest:
         C:\Program Files (x86)\Microsoft Visual Studio 10.0\VC\bin\link.exe /ERRORREPORT:PROMPT /OUT:"c:\users\li\documents\visual studio 2010\Projects\icp0\Debug\icp0.exe" /INCREMENTAL /NOLOGO kernel32.lib user32.lib gdi32.lib winspool.lib comdlg32.lib advapi32.lib shell32.lib ole32.lib oleaut32.lib uuid.lib odbc32.lib odbccp32.lib /MANIFEST /ManifestFile:"Debug\icp0.exe.intermediate.manifest" /MANIFESTUAC:"level='asInvoker' uiAccess='false'" /DEBUG /PDB:"c:\users\li\documents\visual studio 2010\Projects\icp0\Debug\icp0.pdb" /SUBSYSTEM:CONSOLE /TLBID:1 /DYNAMICBASE /NXCOMPAT /IMPLIB:"c:\users\li\documents\visual studio 2010\Projects\icp0\Debug\icp0.lib" /MACHINE:X86 Debug\icp0.exe.embed.manifest.res
         Debug\icp0.obj
         Debug\stdafx.obj
         icp0.vcxproj -> c:\users\li\documents\visual studio 2010\Projects\icp0\Debug\icp0.exe
       FinalizeBuildStatus:
         Suppression du fichier "Debug\icp0.unsuccessfulbuild".
         Mise à jour de l'horodatage "Debug\icp0.lastbuildstate".
     1>Génération du projet "c:\Users\li\documents\visual studio 2010\Projects\icp0\icp0\icp0.vcxproj" terminée (build cible(s)).

La génération a réussi.

Temps écoulé 00:00:02.69
